<html>
<body>
<pre>
<h1>µVision Build Log</h1>
<h2>Tool Versions:</h2>
IDE-Version: µVision V5.38.0.0
Copyright (C) 2022 ARM Ltd and ARM Germany GmbH. All rights reserved.
License Information: Alexander Starovoytov, KFU, LIC=GMZI6-DANNV-QD1KD-8KYBQ-QJ6CU-GQ64N
 
Tool Versions:
Toolchain:       MDK-ARM Plus  Version: 5.38.0.0
Toolchain Path:  D:\Program Files\Keil_v5\ARM\ARMCLANG\Bin
C Compiler:      ArmClang.exe V6.19
Assembler:       Armasm.exe V6.19
Linker/Locator:  ArmLink.exe V6.19
Library Manager: ArmAr.exe V6.19
Hex Converter:   FromElf.exe V6.19
CPU DLL:         SARMCM3.DLL V5.38.0.0
Dialog DLL:      DCM.DLL V1.17.5.0
Target DLL:      STLink\ST-LINKIII-KEIL_SWO.dll V3.1.0.0
Dialog DLL:      TCM.DLL V1.56.4.0
 
<h2>Project:</h2>
D:\_Acustic\STM32GEN\MDK-ARM\STM32GEN.uvprojx
Project File Date:  04/18/2025

<h2>Output:</h2>
*** Using Compiler 'V6.19', folder: 'D:\Program Files\Keil_v5\ARM\ARMCLANG\Bin'
Build target 'STM32GEN'
../Core/Src/main.c(24): warning: In file included from...
../Core/Inc\sendler.h(34): error: unknown type name 'class'
class sendler {
^
../Core/Inc\sendler.h(34): error: expected ';' after top level declarator
class sendler {
             ^
             ;
../Core/Inc\sendler.h(66): error: unknown type name 'sendler'
extern sendler Sendler; // –û–±—ä—è–≤–ª–µ–Ω–∏–µ –≥–ª–æ–±–∞–ª—å–Ω–æ–≥–æ —ç–∫–∑–µ–º–ø–ª—è—Ä–∞
       ^
3 errors generated.
compiling main.c...
compiling command_handler.cpp...
compiling sendler.cpp...
"STM32GEN\STM32GEN.axf" - 3 Error(s), 0 Warning(s).

<h2>Software Packages used:</h2>

Package Vendor: ARM
                http://www.keil.com/pack/ARM.CMSIS.5.9.0.pack
                ARM.CMSIS.5.9.0
                CMSIS (Common Microcontroller Software Interface Standard)
   * Component: CORE Version: 5.6.0

Package Vendor: Keil
                http://www.keil.com/pack/Keil.STM32F4xx_DFP.2.16.0.pack
                Keil.STM32F4xx_DFP.2.16.0
                STMicroelectronics STM32F4 Series Device Support, Drivers and Examples

<h2>Collection of Component include folders:</h2>
  ./RTE/_STM32GEN
  D:/Program Files/Keil_v5/ARM/Packs/ARM/CMSIS/5.9.0/CMSIS/Core/Include
  D:/Program Files/Keil_v5/ARM/Packs/Keil/STM32F4xx_DFP/2.16.0/Drivers/CMSIS/Device/ST/STM32F4xx/Include

<h2>Collection of Component Files used:</h2>

   * Component: ARM::CMSIS:CORE:5.6.0
      Include file:  CMSIS/Core/Include/tz_context.h
Target not created.
Build Time Elapsed:  00:00:02
</pre>
</body>
</html>
